make --dry-run --always-make --keep-going --print-directory
make: Entering directory '/home/minuk/xbraid_RIPS_2022'
cd braid; make
make[1]: Entering directory '/home/minuk/xbraid_RIPS_2022/braid'
mpicc  -g -Wall -c access.c -o access.o
mpicc  -g -Wall -c adjoint.c -o adjoint.o
mpicc  -g -Wall -c base.c -o base.o
mpicc  -g -Wall -c braid.c -o braid.o
mpicc  -g -Wall -c braid_F90_iface.c -o braid_F90_iface.o
mpicc  -g -Wall -c braid_status.c -o braid_status.o
mpicc  -g -Wall -c braid_test.c -o braid_test.o
mpicc  -g -Wall -c communication.c -o communication.o
mpicc  -g -Wall -c distribution.c -o distribution.o
mpicc  -g -Wall -c drive.c -o drive.o
mpicc  -g -Wall -c grid.c -o grid.o
mpicc  -g -Wall -c hierarchy.c -o hierarchy.o
mpicc  -g -Wall -c interp.c -o interp.o
mpicc  -g -Wall -c mpistubs.c -o mpistubs.o
mpicc  -g -Wall -c norm.c -o norm.o
mpicc  -g -Wall -c refine.c -o refine.o
mpicc  -g -Wall -c relax.c -o relax.o
mpicc  -g -Wall -c residual.c -o residual.o
mpicc  -g -Wall -c restrict.c -o restrict.o
mpicc  -g -Wall -c space.c -o space.o
mpicc  -g -Wall -c step.c -o step.o
mpicc  -g -Wall -c tape.c -o tape.o
mpicc  -g -Wall -c util.c -o util.o
mpicc  -g -Wall -c uvector.c -o uvector.o
echo "Building" libbraid.a "..."
ar cruv libbraid.a access.o adjoint.o base.o braid.o braid_F90_iface.o braid_status.o braid_test.o communication.o distribution.o drive.o grid.o hierarchy.o interp.o mpistubs.o norm.o refine.o relax.o residual.o restrict.o space.o step.o tape.o util.o uvector.o
ranlib libbraid.a
make[1]: Leaving directory '/home/minuk/xbraid_RIPS_2022/braid'
cd examples; make
make[1]: Entering directory '/home/minuk/xbraid_RIPS_2022/examples'
echo "Building" ex-01 "..."
mpicc -g -Wall -I../braid ex-01.c -o ex-01 ../braid/libbraid.a -lm
echo "Building" ex-01-adjoint "..."
mpicc -g -Wall -I../braid ex-01-adjoint.c -o ex-01-adjoint ../braid/libbraid.a -lm
echo "Building" ex-01-optimization "..."
mpicc -g -Wall -I../braid ex-01-optimization.c -o ex-01-optimization ../braid/libbraid.a -lm
echo "Building" ex-01-refinement "..."
mpicc -g -Wall -I../braid ex-01-refinement.c -o ex-01-refinement ../braid/libbraid.a -lm
echo "Building" ex-01-expanded "..."
mpicc -g -Wall -I../braid ex-01-expanded.c -o ex-01-expanded ../braid/libbraid.a -lm
echo "Building" ex-01-expanded-bdf2 "..."
mpicc -g -Wall -I../braid ex-01-expanded-bdf2.c -o ex-01-expanded-bdf2 ../braid/libbraid.a -lm
echo "Building" ex-02 "..."
mpicc -g -Wall -I../braid ex-02.c -o ex-02 ../braid/libbraid.a -lm
echo "Building" ex-04 "..."
mpicc -g -Wall -I../braid ex-04.c -o ex-04 ../braid/libbraid.a -lm
echo "Building" ex-04-serial "..."
mpicc -g -Wall -I../braid ex-04-serial.c -o ex-04-serial ../braid/libbraid.a -lm
echo "Building" trimgrit-burgers "..."
mpicc -g -Wall -I../braid trimgrit-burgers.c -o trimgrit-burgers ../braid/libbraid.a -lm
echo "Building" trischur-adv-diff "..."
mpicc -g -Wall -I../braid trischur-adv-diff.c -o trischur-adv-diff ../braid/libbraid.a -lm
echo "Building" trischur-ex-04 "..."
mpicc -g -Wall -I../braid trischur-ex-04.c -o trischur-ex-04 ../braid/libbraid.a -lm
echo "Building" trischur-ex-04-state "..."
mpicc -g -Wall -I../braid trischur-ex-04-state.c -o trischur-ex-04-state ../braid/libbraid.a -lm
echo "Building" ex-01-pp "..."
mpiCC -g -Wall -I../braid ex-01-pp.cpp -o ex-01-pp ../braid/libbraid.a -lm
make[1]: Leaving directory '/home/minuk/xbraid_RIPS_2022/examples'
make: Leaving directory '/home/minuk/xbraid_RIPS_2022'
 
Makefile:172: *** The Hypre library is not built, unable to build ex-03.  Stop.
make: *** [Makefile:37: examples] Error 2

